<?xml version="1.0" encoding="UTF-8"?>
<!-- Generated by org.testng.reporters.JUnitReportReporter -->
<testsuite hostname="DESKTOP-3EMGBI5" failures="0" tests="4" name="Tests.LoginTest" time="33.766" errors="0" timestamp="07 Jan 2020 12:39:23 GMT" skipped="0">
  <testcase classname="Tests.LoginTest" name="LoginWithRegisteredUsername" time="8.719"/>
  <testcase classname="Tests.LoginTest" name="SqlInjectionTest" time="8.479"/>
  <testcase classname="Tests.LoginTest" name="LoginWithFalseUsername" time="6.775"/>
  <testcase classname="Tests.LoginTest" name="LoginWithRegisteredUsername_FalsePassword" time="9.793"/>
</testsuite> <!-- Tests.LoginTest -->
