<?xml version="1.0" encoding="UTF-8"?>
<!-- Generated by org.testng.reporters.JUnitReportReporter -->
<testsuite hostname="DESKTOP-3EMGBI5" failures="0" tests="4" name="Tests.LoginTest" time="30.890" errors="0" timestamp="05 Jan 2020 11:12:04 GMT" skipped="0">
  <testcase classname="Tests.LoginTest" name="LoginWithFalseUsername" time="7.401"/>
  <testcase classname="Tests.LoginTest" name="SqlInjectionTest" time="7.145"/>
  <testcase classname="Tests.LoginTest" name="LoginWithRegisteredUsername" time="8.763"/>
  <testcase classname="Tests.LoginTest" name="LoginWithRegisteredUsername_FalsePassword" time="7.581"/>
</testsuite> <!-- Tests.LoginTest -->
