<?xml version="1.0" encoding="UTF-8"?>
<!-- Generated by org.testng.reporters.JUnitReportReporter -->
<testsuite skipped="0" hostname="DESKTOP-3EMGBI5" name="FirstTest" tests="1" failures="0" timestamp="28 Dec 2019 17:25:11 GMT" time="13.603" errors="0">
  <testcase name="googleSearchTest" time="13.603" classname="FirstTest"/>
</testsuite> <!-- FirstTest -->
